<?xml version="1.0" encoding="UTF-8"?>
<testsuite xmlns:xsi="http://www.w3.org/2001/XMLSchema-instance" xsi:noNamespaceSchemaLocation="https://maven.apache.org/surefire/maven-surefire-plugin/xsd/surefire-test-report.xsd" name="MainTest" time="1.555" tests="15" errors="0" skipped="0" failures="3">
  <properties>
    <property name="java.specification.version" value="24"/>
    <property name="sun.cpu.isalist" value="amd64"/>
    <property name="sun.jnu.encoding" value="Cp1254"/>
    <property name="java.class.path" value="C:\Users\Ahmet Çakır\Desktop\Taha\Taha-Java\FSWEB-S14D1-Maven\target\test-classes;C:\Users\Ahmet Çakır\Desktop\Taha\Taha-Java\FSWEB-S14D1-Maven\target\classes;C:\Users\Ahmet Çakır\.m2\repository\junit\junit\4.13.2\junit-4.13.2.jar;C:\Users\Ahmet Çakır\.m2\repository\org\hamcrest\hamcrest-core\1.3\hamcrest-core-1.3.jar;C:\Users\Ahmet Çakır\.m2\repository\org\junit\jupiter\junit-jupiter-api\5.9.2\junit-jupiter-api-5.9.2.jar;C:\Users\Ahmet Çakır\.m2\repository\org\opentest4j\opentest4j\1.2.0\opentest4j-1.2.0.jar;C:\Users\Ahmet Çakır\.m2\repository\org\junit\platform\junit-platform-commons\1.9.2\junit-platform-commons-1.9.2.jar;C:\Users\Ahmet Çakır\.m2\repository\org\apiguardian\apiguardian-api\1.1.2\apiguardian-api-1.1.2.jar;C:\Users\Ahmet Çakır\.m2\repository\org\junit\jupiter\junit-jupiter-engine\5.9.2\junit-jupiter-engine-5.9.2.jar;C:\Users\Ahmet Çakır\.m2\repository\org\junit\platform\junit-platform-engine\1.9.2\junit-platform-engine-1.9.2.jar;C:\Users\Ahmet Çakır\.m2\repository\org\apache\httpcomponents\httpclient\4.5.14\httpclient-4.5.14.jar;C:\Users\Ahmet Çakır\.m2\repository\org\apache\httpcomponents\httpcore\4.4.16\httpcore-4.4.16.jar;C:\Users\Ahmet Çakır\.m2\repository\commons-logging\commons-logging\1.2\commons-logging-1.2.jar;C:\Users\Ahmet Çakır\.m2\repository\commons-codec\commons-codec\1.11\commons-codec-1.11.jar;C:\Users\Ahmet Çakır\.m2\repository\org\json\json\20240205\json-20240205.jar;C:\Users\Ahmet Çakır\.m2\repository\org\hamcrest\hamcrest\2.2\hamcrest-2.2.jar;"/>
    <property name="java.vm.vendor" value="Oracle Corporation"/>
    <property name="sun.arch.data.model" value="64"/>
    <property name="user.variant" value=""/>
    <property name="java.vendor.url" value="https://java.oracle.com/"/>
    <property name="user.timezone" value="Europe/Istanbul"/>
    <property name="os.name" value="Windows 11"/>
    <property name="java.vm.specification.version" value="24"/>
    <property name="sun.java.launcher" value="SUN_STANDARD"/>
    <property name="user.country" value="TR"/>
    <property name="sun.boot.library.path" value="C:\Program Files\Java\jdk-24\bin"/>
    <property name="sun.java.command" value="C:\Users\AHMETA~1\AppData\Local\Temp\surefire17392432149397665022\surefirebooter3449234710614253415.jar C:\Users\Ahmet Çakır\AppData\Local\Temp\surefire17392432149397665022 2025-12-09T13-33-04_080-jvmRun1 surefire1221650594559262380tmp surefire_011580079879853810475tmp"/>
    <property name="jdk.debug" value="release"/>
    <property name="surefire.test.class.path" value="C:\Users\Ahmet Çakır\Desktop\Taha\Taha-Java\FSWEB-S14D1-Maven\target\test-classes;C:\Users\Ahmet Çakır\Desktop\Taha\Taha-Java\FSWEB-S14D1-Maven\target\classes;C:\Users\Ahmet Çakır\.m2\repository\junit\junit\4.13.2\junit-4.13.2.jar;C:\Users\Ahmet Çakır\.m2\repository\org\hamcrest\hamcrest-core\1.3\hamcrest-core-1.3.jar;C:\Users\Ahmet Çakır\.m2\repository\org\junit\jupiter\junit-jupiter-api\5.9.2\junit-jupiter-api-5.9.2.jar;C:\Users\Ahmet Çakır\.m2\repository\org\opentest4j\opentest4j\1.2.0\opentest4j-1.2.0.jar;C:\Users\Ahmet Çakır\.m2\repository\org\junit\platform\junit-platform-commons\1.9.2\junit-platform-commons-1.9.2.jar;C:\Users\Ahmet Çakır\.m2\repository\org\apiguardian\apiguardian-api\1.1.2\apiguardian-api-1.1.2.jar;C:\Users\Ahmet Çakır\.m2\repository\org\junit\jupiter\junit-jupiter-engine\5.9.2\junit-jupiter-engine-5.9.2.jar;C:\Users\Ahmet Çakır\.m2\repository\org\junit\platform\junit-platform-engine\1.9.2\junit-platform-engine-1.9.2.jar;C:\Users\Ahmet Çakır\.m2\repository\org\apache\httpcomponents\httpclient\4.5.14\httpclient-4.5.14.jar;C:\Users\Ahmet Çakır\.m2\repository\org\apache\httpcomponents\httpcore\4.4.16\httpcore-4.4.16.jar;C:\Users\Ahmet Çakır\.m2\repository\commons-logging\commons-logging\1.2\commons-logging-1.2.jar;C:\Users\Ahmet Çakır\.m2\repository\commons-codec\commons-codec\1.11\commons-codec-1.11.jar;C:\Users\Ahmet Çakır\.m2\repository\org\json\json\20240205\json-20240205.jar;C:\Users\Ahmet Çakır\.m2\repository\org\hamcrest\hamcrest\2.2\hamcrest-2.2.jar;"/>
    <property name="sun.cpu.endian" value="little"/>
    <property name="user.home" value="C:\Users\Ahmet Çakır"/>
    <property name="user.language" value="tr"/>
    <property name="java.specification.vendor" value="Oracle Corporation"/>
    <property name="java.version.date" value="2025-07-15"/>
    <property name="java.home" value="C:\Program Files\Java\jdk-24"/>
    <property name="file.separator" value="\"/>
    <property name="basedir" value="C:\Users\Ahmet Çakır\Desktop\Taha\Taha-Java\FSWEB-S14D1-Maven"/>
    <property name="java.vm.compressedOopsMode" value="Zero based"/>
    <property name="line.separator" value="&#10;"/>
    <property name="java.vm.specification.vendor" value="Oracle Corporation"/>
    <property name="java.specification.name" value="Java Platform API Specification"/>
    <property name="surefire.real.class.path" value="C:\Users\AHMETA~1\AppData\Local\Temp\surefire17392432149397665022\surefirebooter3449234710614253415.jar"/>
    <property name="user.script" value=""/>
    <property name="sun.management.compiler" value="HotSpot 64-Bit Tiered Compilers"/>
    <property name="java.runtime.version" value="24.0.2+12-54"/>
    <property name="user.name" value="Ahmet Çakır"/>
    <property name="stdout.encoding" value="Cp1254"/>
    <property name="path.separator" value=";"/>
    <property name="os.version" value="10.0"/>
    <property name="java.runtime.name" value="Java(TM) SE Runtime Environment"/>
    <property name="file.encoding" value="UTF-8"/>
    <property name="java.vm.name" value="Java HotSpot(TM) 64-Bit Server VM"/>
    <property name="localRepository" value="C:\Users\Ahmet Çakır\.m2\repository"/>
    <property name="java.vendor.url.bug" value="https://bugreport.java.com/bugreport/"/>
    <property name="java.io.tmpdir" value="C:\Users\AHMETA~1\AppData\Local\Temp\"/>
    <property name="java.version" value="24.0.2"/>
    <property name="user.dir" value="C:\Users\Ahmet Çakır\Desktop\Taha\Taha-Java\FSWEB-S14D1-Maven"/>
    <property name="os.arch" value="amd64"/>
    <property name="java.vm.specification.name" value="Java Virtual Machine Specification"/>
    <property name="sun.os.patch.level" value=""/>
    <property name="native.encoding" value="Cp1254"/>
    <property name="java.library.path" value="C:\Program Files\Java\jdk-24\bin;C:\Windows\Sun\Java\bin;C:\Windows\system32;C:\Windows;C:\Users\Ahmet Çakır\AppData\Local\Programs\Python\Python313\;C:\Program Files\Common Files\Oracle\Java\javapath;C:\Program Files (x86)\Common Files\Oracle\Java\java8path;C:\Program Files (x86)\Common Files\Oracle\Java\javapath;C:\Windows\system32;C:\Windows;C:\Windows\System32\Wbem;C:\Windows\System32\WindowsPowerShell\v1.0\;C:\Windows\System32\OpenSSH\;C:\Program Files (x86)\NVIDIA Corporation\PhysX\Common;C:\Program Files\NVIDIA Corporation\NVIDIA NvDLISR;C:\Users\Ahmet Çakır\AppData\Local\Microsoft\WindowsApps;C:\Program Files\HP\OMEN-Broadcast\Common;C:\Program Files\Git\cmd;c:\Users\Ahmet Çakır\AppData\Local\Programs\cursor\resources\app\bin;C:\Program Files\nodejs\;C:\Users\Ahmet Çakır\AppData\Local\Programs\Python\Python313\Scripts\;C:\Users\Ahmet Çakır\AppData\Local\Programs\Python\Python313\;C:\Users\Ahmet Çakır\AppData\Local\Programs\Python\Launcher\;C:\Users\Ahmet Çakır\AppData\Local\Microsoft\WindowsApps;C:\Users\Ahmet Çakır\AppData\Local\Programs\Microsoft VS Code\bin;C:\Users\Ahmet Çakır\AppData\Local\Programs\cursor\resources\app\bin;C:\Users\Ahmet Çakır\AppData\Local\GitHubDesktop\bin;C:\Users\Ahmet Çakır\AppData\Roaming\npm;C:\Program Files (x86)\ffmpeg;C:\Program Files\Apache\bin;C:\Users\Ahmet Çakır\AppData\Local\Programs\Antigravity\bin;C:\Users\Ahmet Çakır\AppData\Local\Programs\Ollama;."/>
    <property name="java.vm.info" value="mixed mode, sharing"/>
    <property name="stderr.encoding" value="Cp1254"/>
    <property name="java.vendor" value="Oracle Corporation"/>
    <property name="java.vm.version" value="24.0.2+12-54"/>
    <property name="sun.io.unicode.encoding" value="UnicodeLittle"/>
    <property name="java.class.version" value="68.0"/>
  </properties>
  <testcase name="testRectangleAccessModifiers" classname="MainTest" time="0.047">
    <failure message="expected: &lt;4&gt; but was: &lt;2&gt;" type="org.opentest4j.AssertionFailedError"><![CDATA[org.opentest4j.AssertionFailedError: expected: <4> but was: <2>
	at MainTest.testRectangleAccessModifiers(MainTest.java:90)
]]></failure>
  </testcase>
  <testcase name="testCircleAccessModifiers" classname="MainTest" time="0"/>
  <testcase name="testEmployeeAccessModifiers" classname="MainTest" time="0"/>
  <testcase name="testCircleTypes" classname="MainTest" time="0.005"/>
  <testcase name="testEmployeeSubClasses" classname="MainTest" time="0.001"/>
  <testcase name="testGetArea" classname="MainTest" time="0.003"/>
  <testcase name="testRectangleTypes" classname="MainTest" time="0.001"/>
  <testcase name="testEmployeeTypes" classname="MainTest" time="0.001"/>
  <testcase name="testCuboidAccessModifiers" classname="MainTest" time="0.001"/>
  <testcase name="testCylinderAccessModifiers" classname="MainTest" time="0"/>
  <testcase name="testCuboidTypes" classname="MainTest" time="0.001"/>
  <testcase name="testCylinderTypes" classname="MainTest" time="0"/>
  <testcase name="testGetAreaRectangle" classname="MainTest" time="0.003">
    <failure message="expected: &lt;2,00&gt; but was: &lt;2.00&gt;" type="org.opentest4j.AssertionFailedError"><![CDATA[org.opentest4j.AssertionFailedError: expected: <2,00> but was: <2.00>
	at MainTest.testGetAreaRectangle(MainTest.java:105)
]]></failure>
  </testcase>
  <testcase name="testGetVolume" classname="MainTest" time="0.001"/>
  <testcase name="testGetVolumeRectangle" classname="MainTest" time="0.001">
    <failure message="expected: &lt;6,00&gt; but was: &lt;6.00&gt;" type="org.opentest4j.AssertionFailedError"><![CDATA[org.opentest4j.AssertionFailedError: expected: <6,00> but was: <6.00>
	at MainTest.testGetVolumeRectangle(MainTest.java:125)
]]></failure>
  </testcase>
</testsuite>